<?xml version="1.0" encoding="UTF-8"?>
<coverage generated="1599543728826" clover="3.2.0">
  <project timestamp="1599543728826" name="All files">
    <metrics statements="29" coveredstatements="15" conditionals="12" coveredconditionals="5" methods="7" coveredmethods="4" elements="48" coveredelements="24" complexity="0" loc="29" ncloc="29" packages="1" files="1" classes="1"/>
    <file name="LoginForm.jsx" path="C:\React Training\ClaimManagement_Redux\components\login\LoginForm.jsx">
      <metrics statements="29" coveredstatements="15" conditionals="12" coveredconditionals="5" methods="7" coveredmethods="4"/>
      <line num="10" count="5" type="stmt"/>
      <line num="11" count="5" type="stmt"/>
      <line num="13" count="5" type="stmt"/>
      <line num="14" count="5" type="stmt"/>
      <line num="15" count="5" type="stmt"/>
      <line num="16" count="5" type="stmt"/>
      <line num="23" count="4" type="stmt"/>
      <line num="24" count="4" type="stmt"/>
      <line num="25" count="4" type="stmt"/>
      <line num="26" count="4" type="stmt"/>
      <line num="27" count="4" type="cond" truecount="2" falsecount="0"/>
      <line num="28" count="1" type="stmt"/>
      <line num="30" count="4" type="stmt"/>
      <line num="32" count="4" type="stmt"/>
      <line num="40" count="0" type="stmt"/>
      <line num="41" count="0" type="stmt"/>
      <line num="42" count="0" type="stmt"/>
      <line num="44" count="0" type="stmt"/>
      <line num="45" count="0" type="stmt"/>
      <line num="46" count="0" type="cond" truecount="0" falsecount="4"/>
      <line num="48" count="0" type="stmt"/>
      <line num="49" count="0" type="stmt"/>
      <line num="52" count="0" type="stmt"/>
      <line num="55" count="0" type="cond" truecount="0" falsecount="2"/>
      <line num="56" count="0" type="stmt"/>
      <line num="58" count="0" type="stmt"/>
      <line num="61" count="0" type="stmt"/>
      <line num="63" count="0" type="stmt"/>
      <line num="67" count="9" type="stmt"/>
    </file>
  </project>
</coverage>
