{"C:\\React Training\\ClaimManagement_Redux\\components\\login\\LoginForm.jsx": {"path":"C:\\React Training\\ClaimManagement_Redux\\components\\login\\LoginForm.jsx","statementMap":{"0":{"start":{"line":10,"column":4},"end":{"line":10,"column":17}},"1":{"start":{"line":11,"column":4},"end":{"line":12,"column":27}},"2":{"start":{"line":13,"column":4},"end":{"line":13,"column":55}},"3":{"start":{"line":14,"column":4},"end":{"line":14,"column":53}},"4":{"start":{"line":15,"column":4},"end":{"line":15,"column":40}},"5":{"start":{"line":16,"column":4},"end":{"line":16,"column":46}},"6":{"start":{"line":23,"column":31},"end":{"line":23,"column":43}},"7":{"start":{"line":24,"column":21},"end":{"line":24,"column":38}},"8":{"start":{"line":25,"column":8},"end":{"line":25,"column":68}},"9":{"start":{"line":26,"column":23},"end":{"line":26,"column":43}},"10":{"start":{"line":27,"column":8},"end":{"line":29,"column":9}},"11":{"start":{"line":28,"column":12},"end":{"line":28,"column":29}},"12":{"start":{"line":30,"column":10},"end":{"line":34,"column":10}},"13":{"start":{"line":32,"column":12},"end":{"line":32,"column":76}},"14":{"start":{"line":40,"column":3},"end":{"line":40,"column":69}},"15":{"start":{"line":41,"column":4},"end":{"line":41,"column":23}},"16":{"start":{"line":42,"column":4},"end":{"line":63,"column":59}},"17":{"start":{"line":44,"column":24},"end":{"line":44,"column":29}},"18":{"start":{"line":45,"column":8},"end":{"line":51,"column":9}},"19":{"start":{"line":45,"column":18},"end":{"line":45,"column":19}},"20":{"start":{"line":46,"column":12},"end":{"line":50,"column":13}},"21":{"start":{"line":48,"column":16},"end":{"line":48,"column":33}},"22":{"start":{"line":49,"column":16},"end":{"line":49,"column":81}},"23":{"start":{"line":52,"column":8},"end":{"line":52,"column":89}},"24":{"start":{"line":55,"column":8},"end":{"line":62,"column":9}},"25":{"start":{"line":56,"column":12},"end":{"line":56,"column":61}},"26":{"start":{"line":58,"column":11},"end":{"line":58,"column":40}},"27":{"start":{"line":61,"column":12},"end":{"line":61,"column":47}},"28":{"start":{"line":63,"column":23},"end":{"line":63,"column":57}},"29":{"start":{"line":67,"column":4},"end":{"line":106,"column":5}}},"fnMap":{"0":{"name":"(anonymous_0)","decl":{"start":{"line":9,"column":2},"end":{"line":9,"column":3}},"loc":{"start":{"line":9,"column":21},"end":{"line":19,"column":1}},"line":9},"1":{"name":"(anonymous_1)","decl":{"start":{"line":21,"column":4},"end":{"line":21,"column":5}},"loc":{"start":{"line":21,"column":24},"end":{"line":36,"column":5}},"line":21},"2":{"name":"(anonymous_2)","decl":{"start":{"line":30,"column":62},"end":{"line":30,"column":63}},"loc":{"start":{"line":30,"column":68},"end":{"line":34,"column":9}},"line":30},"3":{"name":"(anonymous_3)","decl":{"start":{"line":38,"column":0},"end":{"line":38,"column":1}},"loc":{"start":{"line":38,"column":17},"end":{"line":64,"column":1}},"line":38},"4":{"name":"(anonymous_4)","decl":{"start":{"line":43,"column":10},"end":{"line":43,"column":11}},"loc":{"start":{"line":43,"column":17},"end":{"line":63,"column":5}},"line":43},"5":{"name":"(anonymous_5)","decl":{"start":{"line":63,"column":13},"end":{"line":63,"column":14}},"loc":{"start":{"line":63,"column":22},"end":{"line":63,"column":58}},"line":63},"6":{"name":"(anonymous_6)","decl":{"start":{"line":65,"column":2},"end":{"line":65,"column":3}},"loc":{"start":{"line":65,"column":11},"end":{"line":107,"column":3}},"line":65}},"branchMap":{"0":{"loc":{"start":{"line":27,"column":8},"end":{"line":29,"column":9}},"type":"if","locations":[{"start":{"line":27,"column":8},"end":{"line":29,"column":9}},{"start":{"line":27,"column":8},"end":{"line":29,"column":9}}],"line":27},"1":{"loc":{"start":{"line":46,"column":12},"end":{"line":50,"column":13}},"type":"if","locations":[{"start":{"line":46,"column":12},"end":{"line":50,"column":13}},{"start":{"line":46,"column":12},"end":{"line":50,"column":13}}],"line":46},"2":{"loc":{"start":{"line":46,"column":15},"end":{"line":47,"column":67}},"type":"binary-expr","locations":[{"start":{"line":46,"column":15},"end":{"line":46,"column":67}},{"start":{"line":47,"column":15},"end":{"line":47,"column":67}}],"line":46},"3":{"loc":{"start":{"line":55,"column":8},"end":{"line":62,"column":9}},"type":"if","locations":[{"start":{"line":55,"column":8},"end":{"line":62,"column":9}},{"start":{"line":55,"column":8},"end":{"line":62,"column":9}}],"line":55},"4":{"loc":{"start":{"line":87,"column":16},"end":{"line":88,"column":90}},"type":"binary-expr","locations":[{"start":{"line":87,"column":17},"end":{"line":87,"column":39}},{"start":{"line":88,"column":17},"end":{"line":88,"column":89}}],"line":87},"5":{"loc":{"start":{"line":91,"column":16},"end":{"line":92,"column":119}},"type":"binary-expr","locations":[{"start":{"line":91,"column":17},"end":{"line":91,"column":37}},{"start":{"line":92,"column":17},"end":{"line":92,"column":118}}],"line":91}},"s":{"0":5,"1":5,"2":5,"3":5,"4":5,"5":5,"6":4,"7":4,"8":4,"9":4,"10":4,"11":1,"12":4,"13":4,"14":0,"15":0,"16":0,"17":0,"18":0,"19":0,"20":0,"21":0,"22":0,"23":0,"24":0,"25":0,"26":0,"27":0,"28":0,"29":9},"f":{"0":5,"1":4,"2":4,"3":0,"4":0,"5":0,"6":9},"b":{"0":[1,3],"1":[0,0],"2":[0,0],"3":[0,0],"4":[9,0],"5":[9,1]},"_coverageSchema":"1a1c01bbd47fc00a2c39e90264f33305004495a9","hash":"e2ceab7942bcf91b8eec8a95685705103821d6e0"}
}
